<?xml version="1.0" encoding="UTF-8"?>
<!-- Generated by org.testng.reporters.JUnitXMLReporter -->
<testsuite ignored="0" hostname="DESKTOP-PU8PIN3" failures="0" tests="3" name="Test" time="61.877" errors="0" timestamp="2024-12-17T11:49:18 IST">
  <testcase classname="TestCases.RegisterTestCase" name="VerifyRegistrationwithBlankData" time="11.008"/>
  <testcase classname="TestCases.RegisterTestCase" name="VerifyRegistrationwithValidDtat" time="8.407"/>
  <testcase classname="TestCases.LoginPageTestCase" name="VerifyLoginWithValidData" time="5.144"/>
</testsuite> <!-- Test -->
