<?xml version="1.0" encoding="UTF-8"?>
<testng-results ignored="0" total="1" passed="1" failed="0" skipped="0">
  <reporter-output>
  </reporter-output>
  <suite started-at="2024-12-19T11:02:44 IST" name="Default suite" finished-at="2024-12-19T11:03:04 IST" duration-ms="20279">
    <groups>
    </groups>
    <test started-at="2024-12-19T11:02:44 IST" name="Default test" finished-at="2024-12-19T11:03:04 IST" duration-ms="20279">
      <class name="TestCases.AddToCartTestCase">
        <test-method signature="VerifyCartAmmount()[pri:0, instance:TestCases.AddToCartTestCase@188715b5]" started-at="2024-12-19T11:02:44 IST" name="VerifyCartAmmount" finished-at="2024-12-19T11:03:04 IST" duration-ms="20204" status="PASS">
          <reporter-output>
          </reporter-output>
        </test-method> <!-- VerifyCartAmmount -->
      </class> <!-- TestCases.AddToCartTestCase -->
    </test> <!-- Default test -->
  </suite> <!-- Default suite -->
</testng-results>
